[debug] [2020-08-11T02:33:27.240Z] ----------------------------------------------------------------------
[debug] [2020-08-11T02:33:27.242Z] Command:       C:\Program Files\nodejs\node.exe C:\Users\sonu\AppData\Roaming\npm\node_modules\firebase-tools\lib\bin\firebase.js deploy
[debug] [2020-08-11T02:33:27.242Z] CLI Version:   8.7.0
[debug] [2020-08-11T02:33:27.243Z] Platform:      win32
[debug] [2020-08-11T02:33:27.243Z] Node Version:  v12.16.3
[debug] [2020-08-11T02:33:27.244Z] Time:          Tue Aug 11 2020 08:03:27 GMT+0530 (India Standard Time)
[debug] [2020-08-11T02:33:27.244Z] ----------------------------------------------------------------------
[debug] [2020-08-11T02:33:27.244Z] 
[debug] [2020-08-11T02:33:27.251Z] > command requires scopes: ["email","openid","https://www.googleapis.com/auth/cloudplatformprojects.readonly","https://www.googleapis.com/auth/firebase","https://www.googleapis.com/auth/cloud-platform"]
[debug] [2020-08-11T02:33:27.251Z] > authorizing via signed-in user
[debug] [2020-08-11T02:33:27.252Z] [iam] checking project app-banking-demo for permissions ["firebase.projects.get","firebasehosting.sites.update"]
[debug] [2020-08-11T02:33:27.255Z] >>> HTTP REQUEST POST https://cloudresourcemanager.googleapis.com/v1/projects/app-banking-demo:testIamPermissions  
 {"permissions":["firebase.projects.get","firebasehosting.sites.update"]}
[debug] [2020-08-11T02:33:28.701Z] <<< HTTP RESPONSE 200 {"content-type":"application/json; charset=UTF-8","vary":"X-Origin, Referer, Origin,Accept-Encoding","date":"Tue, 11 Aug 2020 02:33:27 GMT","server":"ESF","cache-control":"private","x-xss-protection":"0","x-frame-options":"SAMEORIGIN","x-content-type-options":"nosniff","server-timing":"gfet4t7; dur=1140","alt-svc":"h3-29=\":443\"; ma=2592000,h3-27=\":443\"; ma=2592000,h3-T050=\":443\"; ma=2592000,h3-Q050=\":443\"; ma=2592000,h3-Q046=\":443\"; ma=2592000,h3-Q043=\":443\"; ma=2592000,quic=\":443\"; ma=2592000; v=\"46,43\"","accept-ranges":"none","transfer-encoding":"chunked"}
[debug] [2020-08-11T02:33:28.703Z] >>> HTTP REQUEST GET https://firebase.googleapis.com/v1beta1/projects/app-banking-demo  
 
[debug] [2020-08-11T02:33:29.416Z] <<< HTTP RESPONSE 200 {"content-type":"application/json; charset=UTF-8","vary":"X-Origin, Referer, Origin,Accept-Encoding","date":"Tue, 11 Aug 2020 02:33:28 GMT","server":"ESF","cache-control":"private","x-xss-protection":"0","x-frame-options":"SAMEORIGIN","x-content-type-options":"nosniff","alt-svc":"h3-29=\":443\"; ma=2592000,h3-27=\":443\"; ma=2592000,h3-T050=\":443\"; ma=2592000,h3-Q050=\":443\"; ma=2592000,h3-Q046=\":443\"; ma=2592000,h3-Q043=\":443\"; ma=2592000,quic=\":443\"; ma=2592000; v=\"46,43\"","accept-ranges":"none","transfer-encoding":"chunked"}
[info] 
[info] === Deploying to 'app-banking-demo'...
[info] 
[info] i  deploying hosting 
[debug] [2020-08-11T02:33:29.449Z] >>> HTTP REQUEST POST https://firebasehosting.googleapis.com/v1beta1/sites/app-banking-demo/versions  
 {"config":{"rewrites":[{"glob":"**","path":"/index.html"}]},"labels":{"deployment-tool":"cli-firebase"}}
[debug] [2020-08-11T02:33:31.874Z] <<< HTTP RESPONSE 200 {"content-type":"application/json; charset=UTF-8","vary":"X-Origin, Referer, Origin,Accept-Encoding","date":"Tue, 11 Aug 2020 02:33:30 GMT","server":"ESF","cache-control":"private","x-xss-protection":"0","x-frame-options":"SAMEORIGIN","x-content-type-options":"nosniff","alt-svc":"h3-29=\":443\"; ma=2592000,h3-27=\":443\"; ma=2592000,h3-T050=\":443\"; ma=2592000,h3-Q050=\":443\"; ma=2592000,h3-Q046=\":443\"; ma=2592000,h3-Q043=\":443\"; ma=2592000,quic=\":443\"; ma=2592000; v=\"46,43\"","accept-ranges":"none","transfer-encoding":"chunked"}
[info] i  hosting[app-banking-demo]: beginning deploy... 
[info] i  hosting[app-banking-demo]: found 11 files in dist/banking-app 
[debug] [2020-08-11T02:33:31.913Z] [hosting] hash cache [ZGlzdFxiYW5raW5nLWFwcA] stored for 11 files
[debug] [2020-08-11T02:33:31.914Z] [hosting][hash queue][FINAL] {"max":2,"min":0,"avg":0,"active":0,"complete":11,"success":11,"errored":0,"retried":0,"total":11,"elapsed":4}
[debug] [2020-08-11T02:33:31.914Z] >>> HTTP REQUEST POST https://firebasehosting.googleapis.com/v1beta1/sites/app-banking-demo/versions/597bf5782482f3f2:populateFiles  
 <request body omitted>
[debug] [2020-08-11T02:33:33.819Z] <<< HTTP RESPONSE 200 {"content-type":"application/json; charset=UTF-8","vary":"X-Origin, Referer, Origin,Accept-Encoding","date":"Tue, 11 Aug 2020 02:33:32 GMT","server":"ESF","cache-control":"private","x-xss-protection":"0","x-frame-options":"SAMEORIGIN","x-content-type-options":"nosniff","alt-svc":"h3-29=\":443\"; ma=2592000,h3-27=\":443\"; ma=2592000,h3-T050=\":443\"; ma=2592000,h3-Q050=\":443\"; ma=2592000,h3-Q046=\":443\"; ma=2592000,h3-Q043=\":443\"; ma=2592000,quic=\":443\"; ma=2592000; v=\"46,43\"","accept-ranges":"none","transfer-encoding":"chunked"}
[debug] [2020-08-11T02:33:33.826Z] [hosting][populate queue][FINAL] {"max":1909,"min":1909,"avg":1909,"active":0,"complete":1,"success":1,"errored":0,"retried":0,"total":1,"elapsed":1914}
[debug] [2020-08-11T02:33:33.827Z] [hosting] uploads queued: 2
